<?xml version="1.0" encoding="UTF-8"?>
<testsuite xmlns:xsi="http://www.w3.org/2001/XMLSchema-instance" xsi:noNamespaceSchemaLocation="https://maven.apache.org/surefire/maven-surefire-plugin/xsd/surefire-test-report.xsd" name="MyTests" time="0.025" tests="8" errors="0" skipped="0" failures="0">
  <properties>
[...]
</properties>
  <testcase name="testHangmanCat1" classname="MyTests" time="0.016"/>
  <testcase name="testHangmanCat2" classname="MyTests" time="0"/>
  <testcase name="testHangmanCat3" classname="MyTests" time="0.001"/>
  <testcase name="testLoseLife" classname="MyTests" time="0.001"/>
  <testcase name="testReset" classname="MyTests" time="0"/>
  <testcase name="testWinAll3" classname="MyTests" time="0"/>
  <testcase name="testChangeCatagorey" classname="MyTests" time="0.001"/>
  <testcase name="testCheckLoss" classname="MyTests" time="0"/>
</testsuite>